Arguments: 
  C:\Program Files\nodejs\node.exe C:\Program Files (x86)\Yarn\bin\yarn.js

PATH: 
  C:\Python38\Scripts\;C:\Python38\;C:\WINDOWS\system32;C:\WINDOWS;C:\WINDOWS\System32\Wbem;C:\WINDOWS\System32\WindowsPowerShell\v1.0\;C:\WINDOWS\System32\OpenSSH\;C:\Program Files\Git\cmd;C:\Program Files\dotnet\;C:\Program Files (x86)\Yarn\bin\;C:\Users\DevMaster\AppData\Roaming\nvm;C:\Program Files\nodejs;C:\Program Files\PowerShell\6\;C:\ProgramData\chocolatey\bin;C:\Program Files (x86)\dotnet\;C:\Program Files\Microsoft SQL Server\130\Tools\Binn\;C:\Program Files\Microsoft SQL Server\Client SDK\ODBC\170\Tools\Binn\;C:\Users\DevMaster\.windows-build-tools\python27\;node_modules\npm\node_modules\npm-lifecycle\node-gyp-bin;C:\Users\DevMaster\AppData\Roaming\npm\node_modules\windows-build-tools\node_modules\.bin;C:\Users\DevMaster\AppData\Roaming\npm\node_modules\.bin;C:\ProgramData\DockerDesktop\version-bin;C:\Program Files\Docker\Docker\Resources\bin;C:\WINDOWS\system32;C:\WINDOWS;C:\WINDOWS\System32\Wbem;C:\WINDOWS\System32\WindowsPowerShell\v1.0\;C:\WINDOWS\System32\OpenSSH\;C:\Program Files\Git\cmd;C:\Program Files\dotnet\;C:\Program Files\Microsoft SQL Server\130\Tools\Binn\;C:\Program Files\Microsoft VS Code\bin;C:\Program Files (x86)\Yarn\bin\;C:\Users\DevMaster\AppData\Local\Microsoft\WindowsApps;C:\Users\DevMaster\.dotnet\tools;C:\Users\DevMaster\AppData\Local\GitHubDesktop\bin;C:\Users\DevMaster\AppData\Local\Yarn\bin;C:\Users\DevMaster\AppData\Local\Microsoft\WindowsApps;C:\Users\DevMaster\AppData\Roaming\nvm;C:\Program Files\nodejs;C:\Users\DevMaster\AppData\Local\Programs\Microsoft VS Code\bin;C:\Users\DevMaster\.dotnet\tools

Yarn version: 
  1.12.3

Node version: 
  12.1.0

Platform: 
  win32 x64

Trace: 
  Error: https://registry.yarnpkg.com/typescript/-/typescript-3.9.9.tgz: unexpected end of file
      at Zlib.zlibOnError [as onerror] (zlib.js:168:17)

npm manifest: 
  {
    "name": "oci-client",
    "version": "0.0.1",
    "description": "",
    "main": "index.js",
    "scripts": {
      "start": "npm run build:dev",
      "build:dev": "webpack-dev-server  --inline --env dev --mode none --https   --max-old-space-size=8192",
      "build:prod": "webpack --env prod --mode production",
      "clean": "rimraf dist"
    },
    "author": "ervin",
    "devDependencies": {
      "autoprefixer": "^8.6.0",
      "babylon-file-loader": "^0.2.1",
      "babylonjs": "^4.1.0",
      "babylonjs-gui": "^4.1.0",
      "babylonjs-inspector": "^4.1.0",
      "babylonjs-loaders": "^4.1.0",
      "babylonjs-materials": "^4.1.0",
      "babylonjs-post-process": "^4.1.0",
      "clean-webpack-plugin": "^0.1.19",
      "copy-webpack-plugin": "^4.0.1",
      "css-loader": "^3.2.0",
      "hard-source-webpack-plugin": "^0.13.1",
      "html-webpack-plugin": "^3.2.0",
      "node-sass": "^4.11.0",
      "postcss-loader": "^2.1.5",
      "sass-loader": "^7.0.2",
      "ts-loader": "^4.4.2",
      "typescript": "^3.0.1",
      "webpack": "^4.43.0",
      "webpack-cli": "^3.3.11",
      "webpack-dev-server": "^3.2.1",
      "webpack-md5-hash": "0.0.6"
    },
    "dependencies": {
      "@babylonjs/core": "^4.1.0",
      "@babylonjs/gui": "^4.1.0",
      "@babylonjs/loaders": "^4.1.0",
      "@babylonjs/materials": "^4.1.0",
      "@sweetalert2/theme-bootstrap-4": "^3.2.0",
      "@types/jquery": "^3.3.34",
      "@types/node": "^11.13.8",
      "ably": "^1.1.5",
      "aws-amplify": "^3.0.20",
      "axios": "^0.19.2",
      "currency.js": "^1.2.2",
      "dotenv": "^8.2.0",
      "dotenv-webpack": "^1.8.0",
      "file-loader": "^4.2.0",
      "jquery": "^3.4.1",
      "mini-css-extract-plugin": "^0.4.0",
      "moment": "^2.24.0",
      "normalize.css": "^8.0.1",
      "queue-typescript": "^1.0.1",
      "react": "^16.13.1",
      "react-dom": "^16.13.1",
      "rimraf": "^3.0.2",
      "sorted-btree": "^1.2.3",
      "source-map": "^0.7.3",
      "startaudiocontext": "^1.2.1",
      "strongly-typed-events": "^1.4.10",
      "sweetalert2": "^9.17.1",
      "tone": "^14.7.39",
      "ttf-loader": "^1.0.2",
      "url-loader": "^2.2.0",
      "xstate": "^4.3.3"
    },
    "resolutions": {
      "terser": "3.17.0"
    }
  }

yarn manifest: 
  No manifest

Lockfile: 
  No lockfile
